2024-08-28T18:26:03.140Z [info]: Server is running on port 3000
2024-08-28T18:26:52.418Z [info]: Server is running on port 3000
2024-08-28T18:26:53.330Z [info]: Handling POST request to /payment
2024-08-28T18:26:53.331Z [info]: Encrypting sensitive data
2024-08-28T18:26:53.333Z [info]: Decrypting data for validation
2024-08-28T18:26:53.342Z [info]: Validating payment data
2024-08-28T18:26:53.344Z [info]: Processing payment
2024-08-28T18:26:53.388Z [info]: Payment processed successfully
2024-08-28T18:27:09.569Z [info]: Handling POST request to /payment
2024-08-28T18:27:09.570Z [info]: Encrypting sensitive data
2024-08-28T18:27:09.574Z [info]: Decrypting data for validation
2024-08-28T18:27:09.583Z [info]: Validating payment data
2024-08-28T18:27:09.584Z [warn]: Validation failed
2024-08-28T18:29:32.973Z [info]: Server is running on port 3000
2024-08-28T18:30:16.974Z [info]: Server is running on port 3000
2024-08-28T18:30:58.179Z [info]: Server is running on port 3000
2024-08-28T18:31:09.993Z [info]: Server is running on port 3000
2024-08-28T18:31:51.571Z [info]: Server is running on port 3000
2024-08-28T18:31:56.434Z [info]: Server is running on port 3000
2024-08-28T18:32:10.379Z [info]: Server is running on port 3000
2024-08-28T18:32:30.883Z [info]: Server is running on port 3000
2024-08-28T18:32:51.143Z [info]: Server is running on port 3000
2024-08-28T18:33:27.466Z [info]: Server is running on port 3000
2024-08-28T18:34:15.578Z [info]: Server is running on port 3000
2024-08-28T18:34:31.379Z [info]: Server is running on port 3000
2024-08-28T18:35:00.308Z [info]: Server is running on port 3000
2024-08-28T18:35:10.948Z [info]: Server is running on port 3000
2024-08-30T18:34:12.187Z [info]: Server is running on port 3000
2024-08-30T18:35:06.681Z [info]: Server is running on port 3001
2024-08-30T18:38:45.605Z [info]: Server is running on port 3001
2024-08-30T18:51:38.470Z [info]: Server is running on port 3001
2024-08-30T18:51:52.842Z [info]: Server is running on port 3001
2024-08-30T18:52:03.941Z [info]: Server is running on port 3001
2024-08-30T18:52:17.666Z [info]: Server is running on port 3001
2024-08-30T18:59:26.489Z [info]: Server is running on port 3001
2024-08-30T18:59:31.364Z [info]: Server is running on port 3001
2024-08-30T18:59:34.065Z [info]: Server is running on port 3001
2024-08-30T19:00:17.197Z [info]: Server is running on port 3001
2024-08-30T19:00:21.091Z [info]: Server is running on port 3001
2024-08-30T19:00:45.303Z [info]: Server is running on port 3001
2024-08-30T19:00:53.057Z [info]: Server is running on port 3001
2024-08-30T19:00:58.996Z [info]: Server is running on port 3001
2024-08-30T19:01:30.642Z [info]: Server is running on port 3001
2024-08-31T06:01:41.080Z [info]: Server is running on port 3001
2024-08-31T06:02:46.070Z [info]: Server is running on port 3001
2024-08-31T07:14:18.107Z [info]: Server is running on port 3001
2024-08-31T07:29:25.372Z [info]: Server is running on port 3001
2024-08-31T07:29:33.922Z [info]: Server is running on port 3001
2024-08-31T07:33:55.256Z [info]: Server is running on port 3001
2024-08-31T07:38:17.259Z [info]: Server is running on port 3001
2024-08-31T07:50:02.565Z [info]: Server is running on port 3001
2024-08-31T07:50:06.731Z [info]: Server is running on port 3001
2024-08-31T08:05:35.533Z [info]: Server is running on port 3001
2024-08-31T08:07:01.998Z [info]: Server is running on port 3001
2024-08-31T08:07:44.435Z [info]: Server is running on port 3001
2024-08-31T11:03:59.189Z [info]: Server is running on port 3001
2024-08-31T11:05:09.685Z [info]: Server is running on port 3001
2024-08-31T11:06:43.052Z [info]: Server is running on port 3001
2024-08-31T11:07:10.316Z [info]: Server is running on port 3001
2024-08-31T11:07:36.297Z [info]: Server is running on port 3001
2024-08-31T11:14:31.529Z [info]: Handling POST request to /payment
2024-08-31T11:14:31.532Z [info]: Decrypting data for validation
2024-08-31T11:14:31.549Z [error]: Error processing payment
2024-08-31T11:15:34.542Z [info]: Server is running on port 3001
2024-08-31T11:15:34.954Z [info]: Handling POST request to /payment
2024-08-31T11:15:34.955Z [info]: Decrypting data for validation
2024-08-31T11:15:34.962Z [error]: Error processing payment
2024-08-31T11:15:55.849Z [info]: Server is running on port 3001
2024-08-31T11:15:56.260Z [info]: Handling POST request to /payment
2024-08-31T11:15:56.264Z [info]: Decrypting data for validation
2024-08-31T11:15:56.462Z [error]: Error processing payment
2024-08-31T11:15:56.468Z [info]: Handling POST request to /payment
2024-08-31T11:15:56.469Z [info]: Decrypting data for validation
2024-08-31T11:15:56.546Z [error]: Error processing payment
2024-08-31T11:16:58.144Z [info]: Handling POST request to /payment
2024-08-31T11:16:58.145Z [info]: Decrypting data for validation
2024-08-31T11:16:58.167Z [error]: Error processing payment
2024-08-31T11:18:56.815Z [info]: Server is running on port 3001
2024-08-31T11:19:29.971Z [info]: Handling POST request to /payment
2024-08-31T11:19:29.972Z [info]: Decrypting data for validation
2024-08-31T11:19:29.981Z [error]: Error processing payment
2024-08-31T11:20:02.895Z [info]: Server is running on port 3001
2024-08-31T11:20:06.380Z [info]: Handling POST request to /payment
2024-08-31T11:20:06.380Z [info]: Decrypting data for validation
2024-08-31T11:20:06.394Z [error]: Error processing payment
2024-08-31T11:20:59.600Z [info]: Server is running on port 3001
2024-08-31T11:21:03.324Z [info]: Handling POST request to /payment
2024-08-31T11:21:03.325Z [info]: Decrypting data for validation
2024-08-31T11:21:03.334Z [error]: Error processing payment
2024-08-31T11:21:31.220Z [info]: Server is running on port 3001
2024-08-31T11:22:03.803Z [info]: Handling POST request to /payment
2024-08-31T11:22:03.803Z [info]: Decrypting data for validation
2024-08-31T11:22:03.814Z [error]: Error processing payment
2024-08-31T11:23:25.273Z [info]: Server is running on port 3001
2024-08-31T11:29:08.637Z [info]: Server is running on port 3001
2024-08-31T11:29:14.083Z [info]: Handling POST request to /payment
2024-08-31T11:29:14.084Z [info]: Decrypting data for validation
2024-08-31T11:29:14.097Z [error]: Error processing payment
2024-08-31T11:31:37.252Z [info]: Server is running on port 3001
2024-08-31T11:32:47.874Z [info]: Handling POST request to /payment
2024-08-31T11:32:47.874Z [info]: Decrypting data for validation
2024-08-31T11:32:47.920Z [error]: Error processing payment
2024-08-31T11:32:56.864Z [info]: Server is running on port 3001
2024-08-31T11:33:03.877Z [info]: Handling POST request to /payment
2024-08-31T11:33:03.877Z [info]: Decrypting data for validation
2024-08-31T11:33:03.891Z [error]: Error processing payment
2024-08-31T11:33:04.626Z [info]: Handling POST request to /payment
2024-08-31T11:33:04.626Z [info]: Decrypting data for validation
2024-08-31T11:33:04.638Z [error]: Error processing payment
2024-08-31T11:33:05.795Z [info]: Handling POST request to /payment
2024-08-31T11:33:05.795Z [info]: Decrypting data for validation
2024-08-31T11:33:05.819Z [error]: Error processing payment
2024-08-31T11:33:06.628Z [info]: Handling POST request to /payment
2024-08-31T11:33:06.628Z [info]: Decrypting data for validation
2024-08-31T11:33:06.639Z [error]: Error processing payment
2024-08-31T11:34:12.415Z [info]: Server is running on port 3001
2024-08-31T11:34:59.790Z [info]: Handling POST request to /payment
2024-08-31T11:34:59.790Z [info]: Decrypting data for validation
2024-08-31T11:34:59.812Z [error]: Error processing payment
2024-08-31T11:35:00.563Z [info]: Handling POST request to /payment
2024-08-31T11:35:00.565Z [info]: Decrypting data for validation
2024-08-31T11:35:00.604Z [error]: Error processing payment
2024-08-31T11:36:15.967Z [info]: Server is running on port 3001
2024-08-31T11:36:26.107Z [info]: Handling POST request to /payment
2024-08-31T11:36:26.107Z [info]: Decrypting data for validation
2024-08-31T11:36:26.117Z [error]: Error processing payment
2024-08-31T11:41:10.436Z [info]: Server is running on port 3001
2024-08-31T11:41:14.756Z [info]: Handling POST request to /payment
2024-08-31T11:41:14.756Z [info]: Decrypting data for validation
2024-08-31T11:41:14.813Z [error]: Error processing payment
2024-08-31T11:42:05.157Z [info]: Server is running on port 3001
2024-08-31T11:42:31.778Z [info]: Server is running on port 3001
2024-08-31T11:43:54.312Z [info]: Server is running on port 3001
2024-08-31T11:43:59.509Z [info]: Handling POST request to /payment
2024-08-31T11:43:59.509Z [info]: Decrypting data for validation
2024-08-31T11:43:59.592Z [error]: Error processing payment
2024-08-31T11:44:43.405Z [info]: Server is running on port 3001
2024-08-31T11:44:49.569Z [info]: Handling POST request to /payment
2024-08-31T11:44:49.569Z [info]: Decrypting data for validation
2024-08-31T11:44:49.620Z [error]: Error processing payment
2024-08-31T11:44:50.215Z [info]: Handling POST request to /payment
2024-08-31T11:44:50.215Z [info]: Decrypting data for validation
2024-08-31T11:44:50.282Z [error]: Error processing payment
2024-08-31T11:44:50.364Z [info]: Handling POST request to /payment
2024-08-31T11:44:50.364Z [info]: Decrypting data for validation
2024-08-31T11:44:50.392Z [error]: Error processing payment
2024-08-31T11:44:50.493Z [info]: Handling POST request to /payment
2024-08-31T11:44:50.493Z [info]: Decrypting data for validation
2024-08-31T11:44:50.535Z [error]: Error processing payment
2024-08-31T11:44:50.618Z [info]: Handling POST request to /payment
2024-08-31T11:44:50.618Z [info]: Decrypting data for validation
2024-08-31T11:44:50.645Z [error]: Error processing payment
2024-08-31T11:44:50.750Z [info]: Handling POST request to /payment
2024-08-31T11:44:50.750Z [info]: Decrypting data for validation
2024-08-31T11:44:50.779Z [error]: Error processing payment
2024-08-31T11:44:50.865Z [info]: Handling POST request to /payment
2024-08-31T11:44:50.865Z [info]: Decrypting data for validation
2024-08-31T11:44:50.891Z [error]: Error processing payment
2024-08-31T11:44:51.017Z [info]: Handling POST request to /payment
2024-08-31T11:44:51.018Z [info]: Decrypting data for validation
2024-08-31T11:44:51.070Z [error]: Error processing payment
2024-08-31T14:49:56.310Z [info]: Server is running on port 3001
2024-08-31T14:51:07.020Z [info]: Server is running on port 3001
2024-08-31T14:51:32.287Z [info]: Handling POST request to /payment
2024-08-31T14:51:32.287Z [info]: Decrypting data for validation
2024-08-31T14:51:32.296Z [error]: Error processing payment
2024-08-31T14:53:10.363Z [info]: Server is running on port 3001
2024-08-31T14:53:32.532Z [info]: Server is running on port 3001
2024-08-31T14:53:48.568Z [info]: Server is running on port 3001
2024-08-31T14:54:45.471Z [info]: Handling POST request to /payment
2024-08-31T14:54:45.473Z [info]: Decrypting data for validation
2024-08-31T14:54:45.475Z [error]: Error processing payment
2024-08-31T14:54:45.676Z [info]: Handling POST request to /payment
2024-08-31T14:54:45.676Z [info]: Decrypting data for validation
2024-08-31T14:54:45.678Z [error]: Error processing payment
2024-08-31T14:54:46.234Z [info]: Handling POST request to /payment
2024-08-31T14:54:46.234Z [info]: Decrypting data for validation
2024-08-31T14:54:46.239Z [error]: Error processing payment
2024-08-31T14:54:46.367Z [info]: Handling POST request to /payment
2024-08-31T14:54:46.368Z [info]: Decrypting data for validation
2024-08-31T14:54:46.372Z [error]: Error processing payment
2024-08-31T14:54:46.516Z [info]: Handling POST request to /payment
2024-08-31T14:54:46.516Z [info]: Decrypting data for validation
2024-08-31T14:54:46.517Z [error]: Error processing payment
2024-08-31T14:54:46.636Z [info]: Handling POST request to /payment
2024-08-31T14:54:46.637Z [info]: Decrypting data for validation
2024-08-31T14:54:46.641Z [error]: Error processing payment
2024-08-31T14:54:46.753Z [info]: Handling POST request to /payment
2024-08-31T14:54:46.753Z [info]: Decrypting data for validation
2024-08-31T14:54:46.757Z [error]: Error processing payment
2024-08-31T14:54:46.910Z [info]: Handling POST request to /payment
2024-08-31T14:54:46.911Z [info]: Decrypting data for validation
2024-08-31T14:54:46.915Z [error]: Error processing payment
2024-08-31T14:54:47.039Z [info]: Handling POST request to /payment
2024-08-31T14:54:47.039Z [info]: Decrypting data for validation
2024-08-31T14:54:47.044Z [error]: Error processing payment
2024-08-31T14:54:47.202Z [info]: Handling POST request to /payment
2024-08-31T14:54:47.202Z [info]: Decrypting data for validation
2024-08-31T14:54:47.206Z [error]: Error processing payment
2024-08-31T14:55:50.531Z [info]: Server is running on port 3001
2024-08-31T14:55:51.593Z [info]: Handling POST request to /payment
2024-08-31T14:55:51.593Z [info]: Decrypting data for validation
2024-08-31T14:55:51.596Z [error]: Error processing payment
2024-08-31T14:56:10.399Z [info]: Server is running on port 3001
2024-08-31T14:56:11.349Z [info]: Handling POST request to /payment
2024-08-31T14:56:11.349Z [info]: Decrypting data for validation
2024-08-31T14:56:11.352Z [error]: Error processing payment
2024-08-31T14:56:18.016Z [info]: Server is running on port 3001
2024-08-31T14:56:18.036Z [info]: Handling POST request to /payment
2024-08-31T14:56:18.037Z [info]: Decrypting data for validation
2024-08-31T14:56:18.043Z [error]: Error processing payment
2024-08-31T14:56:46.824Z [info]: Server is running on port 3001
2024-08-31T14:56:46.977Z [info]: Handling POST request to /payment
2024-08-31T14:56:46.977Z [info]: Decrypting data for validation
2024-08-31T14:56:46.986Z [error]: Error processing payment
2024-08-31T14:56:59.204Z [info]: Server is running on port 3001
2024-08-31T14:57:24.670Z [info]: Server is running on port 3001
2024-08-31T14:57:28.325Z [info]: Server is running on port 3001
2024-08-31T14:57:30.239Z [info]: Handling POST request to /payment
2024-08-31T14:57:30.240Z [info]: Decrypting data for validation
2024-08-31T14:57:30.250Z [error]: Error processing payment
2024-08-31T14:57:57.931Z [info]: Server is running on port 3001
2024-08-31T14:58:00.492Z [info]: Handling POST request to /payment
2024-08-31T14:58:00.492Z [info]: Decrypting data for validation
2024-08-31T14:58:00.496Z [error]: Error processing payment
2024-08-31T14:58:00.910Z [info]: Handling POST request to /payment
2024-08-31T14:58:00.910Z [info]: Decrypting data for validation
2024-08-31T14:58:00.912Z [error]: Error processing payment
2024-08-31T15:02:31.771Z [info]: Server is running on port 3001
2024-08-31T15:04:35.386Z [info]: Server is running on port 3001
2024-08-31T15:09:08.574Z [info]: Server is running on port 3001
2024-08-31T15:11:13.960Z [info]: Server is running on port 3001
2024-08-31T15:11:27.001Z [info]: Handling POST request to /payment
2024-08-31T15:11:27.002Z [info]: Decrypting data for validation
2024-08-31T15:11:27.007Z [error]: Error processing payment
2024-08-31T15:11:52.298Z [info]: Server is running on port 3001
2024-08-31T15:11:54.075Z [info]: Handling POST request to /payment
2024-08-31T15:11:54.075Z [info]: Decrypting data for validation
2024-08-31T15:11:54.082Z [error]: Error processing payment
2024-08-31T15:12:28.122Z [info]: Server is running on port 3001
2024-08-31T15:12:29.984Z [info]: Server is running on port 3001
2024-08-31T15:12:32.562Z [info]: Server is running on port 3001
2024-08-31T15:14:08.219Z [info]: Server is running on port 3001
2024-08-31T15:14:11.269Z [info]: Handling POST request to /payment
2024-08-31T15:14:11.269Z [info]: Decrypting data for validation
2024-08-31T15:14:11.276Z [error]: Error processing payment
2024-08-31T15:14:11.554Z [info]: Handling POST request to /payment
2024-08-31T15:14:11.555Z [info]: Decrypting data for validation
2024-08-31T15:14:11.562Z [error]: Error processing payment
2024-08-31T15:14:48.618Z [info]: Server is running on port 3001
2024-08-31T15:14:54.839Z [info]: Server is running on port 3001
2024-08-31T15:14:59.364Z [info]: Handling POST request to /payment
2024-08-31T15:14:59.365Z [info]: Decrypting data for validation
2024-08-31T15:14:59.375Z [error]: Error processing payment
2024-08-31T15:16:46.940Z [info]: Server is running on port 3001
2024-08-31T15:16:49.160Z [info]: Server is running on port 3001
2024-08-31T15:17:06.408Z [info]: Server is running on port 3001
2024-08-31T15:17:26.685Z [info]: Server is running on port 3001
2024-08-31T15:17:28.812Z [info]: Server is running on port 3001
2024-08-31T15:17:41.656Z [info]: Server is running on port 3001
2024-08-31T15:18:11.814Z [info]: Server is running on port 3001
2024-08-31T15:18:19.415Z [info]: Server is running on port 3001
2024-08-31T15:19:28.972Z [info]: Handling POST request to /payment
2024-08-31T15:19:28.973Z [info]: Decrypting data for validation
2024-08-31T15:19:28.981Z [error]: Error processing payment
2024-08-31T15:20:49.042Z [info]: Server is running on port 3001
2024-08-31T15:21:26.272Z [info]: Server is running on port 3001
2024-08-31T15:21:37.562Z [info]: Server is running on port 3001
2024-08-31T15:21:43.397Z [info]: Server is running on port 3001
2024-08-31T15:22:33.687Z [info]: Server is running on port 3001
2024-08-31T15:23:04.249Z [info]: Handling POST request to /payment
2024-08-31T15:23:04.249Z [info]: Decrypting data for validation
2024-08-31T15:23:04.254Z [error]: Error processing payment
2024-08-31T15:23:04.475Z [info]: Handling POST request to /payment
2024-08-31T15:23:04.475Z [info]: Decrypting data for validation
2024-08-31T15:23:04.492Z [error]: Error processing payment
2024-08-31T15:23:05.252Z [info]: Handling POST request to /payment
2024-08-31T15:23:05.252Z [info]: Decrypting data for validation
2024-08-31T15:23:05.255Z [error]: Error processing payment
2024-08-31T15:23:05.379Z [info]: Handling POST request to /payment
2024-08-31T15:23:05.379Z [info]: Decrypting data for validation
2024-08-31T15:23:05.380Z [error]: Error processing payment
2024-08-31T15:23:05.515Z [info]: Handling POST request to /payment
2024-08-31T15:23:05.515Z [info]: Decrypting data for validation
2024-08-31T15:23:05.516Z [error]: Error processing payment
2024-08-31T15:23:05.664Z [info]: Handling POST request to /payment
2024-08-31T15:23:05.664Z [info]: Decrypting data for validation
2024-08-31T15:23:05.666Z [error]: Error processing payment
2024-08-31T15:23:05.818Z [info]: Handling POST request to /payment
2024-08-31T15:23:05.818Z [info]: Decrypting data for validation
2024-08-31T15:23:05.819Z [error]: Error processing payment
2024-08-31T15:23:05.934Z [info]: Handling POST request to /payment
2024-08-31T15:23:05.935Z [info]: Decrypting data for validation
2024-08-31T15:23:05.939Z [error]: Error processing payment
2024-08-31T15:23:06.078Z [info]: Handling POST request to /payment
2024-08-31T15:23:06.079Z [info]: Decrypting data for validation
2024-08-31T15:23:06.080Z [error]: Error processing payment
2024-08-31T15:23:06.196Z [info]: Handling POST request to /payment
2024-08-31T15:23:06.196Z [info]: Decrypting data for validation
2024-08-31T15:23:06.200Z [error]: Error processing payment
2024-08-31T15:23:06.346Z [info]: Handling POST request to /payment
2024-08-31T15:23:06.346Z [info]: Decrypting data for validation
2024-08-31T15:23:06.347Z [error]: Error processing payment
2024-08-31T15:23:06.490Z [info]: Handling POST request to /payment
2024-08-31T15:23:06.490Z [info]: Decrypting data for validation
2024-08-31T15:23:06.491Z [error]: Error processing payment
2024-08-31T15:23:06.599Z [info]: Handling POST request to /payment
2024-08-31T15:23:06.599Z [info]: Decrypting data for validation
2024-08-31T15:23:06.600Z [error]: Error processing payment
2024-08-31T15:26:05.152Z [info]: Server is running on port 3001
2024-08-31T15:26:34.444Z [info]: Server is running on port 3001
2024-08-31T15:26:36.315Z [info]: Server is running on port 3001
2024-08-31T15:26:45.044Z [info]: Server is running on port 3001
2024-08-31T15:27:06.611Z [info]: Server is running on port 3001
2024-08-31T15:27:29.572Z [info]: Server is running on port 3001
2024-08-31T15:27:48.495Z [info]: Handling POST request to /payment
2024-08-31T15:27:48.496Z [info]: Decrypting data for validation
2024-08-31T15:27:48.505Z [error]: Error processing payment
2024-08-31T15:28:43.689Z [info]: Server is running on port 3001
2024-08-31T15:30:10.556Z [info]: Server is running on port 3001
2024-08-31T15:30:14.420Z [info]: Server is running on port 3001
2024-08-31T15:31:04.342Z [info]: Server is running on port 3001
2024-08-31T15:32:00.686Z [info]: Server is running on port 3001
2024-08-31T15:32:35.387Z [info]: Handling POST request to /payment
2024-08-31T15:32:35.388Z [info]: Decrypting data for validation
2024-08-31T15:32:35.397Z [info]: Validating payment data
2024-08-31T15:32:35.399Z [warn]: Validation failed
2024-08-31T15:32:35.528Z [info]: Handling POST request to /payment
2024-08-31T15:32:35.528Z [info]: Decrypting data for validation
2024-08-31T15:32:35.537Z [info]: Validating payment data
2024-08-31T15:32:35.537Z [warn]: Validation failed
2024-08-31T15:32:50.429Z [info]: Server is running on port 3001
2024-08-31T15:32:51.094Z [info]: Handling POST request to /payment
2024-08-31T15:32:51.095Z [info]: Decrypting data for validation
2024-08-31T15:32:51.106Z [info]: Validating payment data
2024-08-31T15:32:51.110Z [warn]: Validation failed
2024-08-31T15:33:14.628Z [info]: Server is running on port 3001
2024-08-31T15:33:18.871Z [info]: Server is running on port 3001
2024-08-31T15:33:19.692Z [info]: Handling POST request to /payment
2024-08-31T15:33:19.692Z [info]: Decrypting data for validation
2024-08-31T15:33:19.704Z [info]: Validating payment data
2024-08-31T15:33:19.707Z [warn]: Validation failed
2024-08-31T15:53:02.631Z [info]: Server is running on port 3001
2024-08-31T15:53:08.394Z [info]: Server is running on port 3001
2024-08-31T15:53:43.989Z [info]: Server is running on port 3001
2024-08-31T15:54:10.481Z [info]: Server is running on port 3001
2024-08-31T15:54:52.080Z [info]: Server is running on port 3001
2024-08-31T15:54:52.500Z [info]: Handling POST request to /payment
2024-08-31T15:54:52.500Z [info]: Decrypting data for validation
2024-08-31T15:54:52.509Z [info]: Validating payment data
2024-08-31T15:54:52.511Z [warn]: Validation failed
2024-08-31T15:54:58.992Z [info]: Server is running on port 3001
2024-08-31T15:55:14.702Z [info]: Handling POST request to /payment
2024-08-31T15:55:14.703Z [info]: Decrypting data for validation
2024-08-31T15:55:14.714Z [info]: Validating payment data
2024-08-31T15:55:14.719Z [warn]: Validation failed
2024-08-31T15:55:53.411Z [info]: Server is running on port 3001
2024-08-31T15:55:57.409Z [info]: Server is running on port 3001
2024-08-31T15:56:08.527Z [info]: Server is running on port 3001
2024-08-31T15:56:09.709Z [info]: Handling POST request to /payment
2024-08-31T15:56:09.709Z [info]: Decrypting data for validation
2024-08-31T15:56:09.717Z [info]: Validating payment data
2024-08-31T15:56:09.719Z [warn]: Validation failed
2024-08-31T15:56:09.860Z [info]: Handling POST request to /payment
2024-08-31T15:56:09.860Z [info]: Decrypting data for validation
2024-08-31T15:56:09.866Z [info]: Validating payment data
2024-08-31T15:56:09.866Z [warn]: Validation failed
2024-08-31T15:56:35.968Z [info]: Server is running on port 3001
2024-08-31T15:56:36.213Z [info]: Handling POST request to /payment
2024-08-31T15:56:36.213Z [info]: Decrypting data for validation
2024-08-31T15:56:36.226Z [info]: Validating payment data
2024-08-31T15:56:36.228Z [warn]: Validation failed
2024-08-31T15:57:04.514Z [info]: Handling POST request to /payment
2024-08-31T15:57:04.515Z [info]: Decrypting data for validation
2024-08-31T15:57:04.527Z [info]: Validating payment data
2024-08-31T15:57:04.528Z [warn]: Validation failed
2024-08-31T15:57:11.907Z [info]: Handling POST request to /payment
2024-08-31T15:57:11.907Z [info]: Decrypting data for validation
2024-08-31T15:57:11.929Z [info]: Validating payment data
2024-08-31T15:57:11.930Z [warn]: Validation failed
2024-08-31T15:58:05.739Z [info]: Handling POST request to /payment
2024-08-31T15:58:05.740Z [info]: Decrypting data for validation
2024-08-31T15:58:05.764Z [info]: Validating payment data
2024-08-31T15:58:05.766Z [warn]: Validation failed
2024-08-31T15:58:17.607Z [info]: Handling POST request to /payment
2024-08-31T15:58:17.608Z [info]: Decrypting data for validation
2024-08-31T15:58:17.622Z [info]: Validating payment data
2024-08-31T15:58:17.728Z [info]: Payment processed successfully
2024-08-31T15:58:32.303Z [info]: Server is running on port 3001
2024-08-31T16:19:32.371Z [info]: Server is running on port 3001
2024-08-31T16:19:37.245Z [info]: Server is running on port 3001
2024-08-31T16:19:56.048Z [info]: Server is running on port 3001
2024-08-31T16:19:57.587Z [info]: Server is running on port 3001
2024-08-31T16:20:13.628Z [info]: Server is running on port 3001
2024-08-31T16:20:20.576Z [info]: Server is running on port 3001
2024-08-31T16:20:38.896Z [info]: Server is running on port 3001
2024-08-31T16:20:57.529Z [info]: Server is running on port 3001
2024-08-31T16:21:54.123Z [info]: Server is running on port 3001
2024-08-31T16:22:43.427Z [info]: Server is running on port 3001
2024-08-31T16:28:38.830Z [info]: Handling POST request to /payment
2024-08-31T16:28:38.836Z [info]: Decrypting data for validation
2024-08-31T16:28:38.861Z [info]: Validating payment data
2024-08-31T16:28:39.040Z [info]: Payment processed successfully
2024-08-31T16:28:39.052Z [info]: Handling POST request to /booking
2024-08-31T16:28:39.053Z [info]: Creating a new booking
2024-08-31T16:28:39.078Z [error]: Error occurred in createBooking invalid input syntax for type uuid: "test"
2024-08-31T16:28:39.369Z [info]: Handling POST request to /payment
2024-08-31T16:28:39.369Z [info]: Decrypting data for validation
2024-08-31T16:28:39.377Z [info]: Validating payment data
2024-08-31T16:28:39.397Z [info]: Payment processed successfully
2024-08-31T16:28:39.399Z [info]: Handling POST request to /booking
2024-08-31T16:28:39.400Z [info]: Creating a new booking
2024-08-31T16:28:39.402Z [error]: Error occurred in createBooking invalid input syntax for type uuid: "test"
2024-08-31T16:30:02.120Z [info]: Handling POST request to /payment
2024-08-31T16:30:02.120Z [info]: Decrypting data for validation
2024-08-31T16:30:02.129Z [info]: Validating payment data
2024-08-31T16:30:02.164Z [error]: Error processing payment
2024-08-31T16:30:22.637Z [info]: Handling POST request to /payment
2024-08-31T16:30:22.637Z [info]: Decrypting data for validation
2024-08-31T16:30:22.649Z [info]: Validating payment data
2024-08-31T16:30:22.683Z [error]: Error processing payment
2024-08-31T16:30:47.091Z [info]: Server is running on port 3001
2024-08-31T16:30:50.021Z [info]: Handling POST request to /payment
2024-08-31T16:30:50.021Z [info]: Decrypting data for validation
2024-08-31T16:30:50.031Z [info]: Validating payment data
2024-08-31T16:30:50.092Z [error]: Error processing payment
2024-08-31T16:30:59.261Z [info]: Server is running on port 3001
2024-08-31T16:32:46.471Z [info]: Handling POST request to /payment
2024-08-31T16:32:46.471Z [info]: Decrypting data for validation
2024-08-31T16:32:46.507Z [info]: Validating payment data
2024-08-31T16:32:46.589Z [error]: Error processing payment
2024-08-31T16:33:33.594Z [info]: Server is running on port 3001
2024-08-31T16:33:53.599Z [info]: Server is running on port 3001
2024-08-31T16:34:08.136Z [info]: Server is running on port 3001
2024-08-31T16:34:08.243Z [info]: Handling POST request to /payment
2024-08-31T16:34:08.243Z [info]: Decrypting data for validation
2024-08-31T16:34:08.252Z [info]: Validating payment data
2024-08-31T16:34:08.304Z [error]: Error processing payment
2024-08-31T16:34:43.352Z [info]: Handling POST request to /payment
2024-08-31T16:34:43.352Z [info]: Decrypting data for validation
2024-08-31T16:34:43.361Z [info]: Validating payment data
2024-08-31T16:34:43.414Z [info]: Payment processed successfully
2024-08-31T16:34:43.422Z [info]: Handling POST request to /booking
2024-08-31T16:34:43.422Z [info]: Creating a new booking
2024-08-31T16:34:43.442Z [error]: Error occurred in createBooking Flight not found
2024-08-31T16:35:08.003Z [info]: Server is running on port 3001
2024-08-31T16:35:55.729Z [info]: Handling POST request to /payment
2024-08-31T16:35:55.729Z [info]: Decrypting data for validation
2024-08-31T16:35:55.745Z [info]: Validating payment data
2024-08-31T16:35:55.791Z [info]: Payment processed successfully
2024-08-31T16:35:55.800Z [info]: Handling POST request to /booking
2024-08-31T16:35:55.805Z [info]: Creating a new booking
2024-08-31T16:35:55.831Z [error]: Error occurred in createBooking Failed to create booking
2024-08-31T16:35:56.108Z [info]: Handling POST request to /payment
2024-08-31T16:35:56.109Z [info]: Decrypting data for validation
2024-08-31T16:35:56.131Z [info]: Validating payment data
2024-08-31T16:35:56.156Z [info]: Payment processed successfully
2024-08-31T16:35:56.159Z [info]: Handling POST request to /booking
2024-08-31T16:35:56.159Z [info]: Creating a new booking
2024-08-31T16:35:56.163Z [error]: Error occurred in createBooking Failed to create booking
2024-08-31T16:36:05.926Z [info]: Handling POST request to /payment
2024-08-31T16:36:05.926Z [info]: Decrypting data for validation
2024-08-31T16:36:05.947Z [info]: Validating payment data
2024-08-31T16:36:05.998Z [info]: Payment processed successfully
2024-08-31T16:36:06.005Z [info]: Handling POST request to /booking
2024-08-31T16:36:06.005Z [info]: Creating a new booking
2024-08-31T16:36:06.011Z [error]: Error occurred in createBooking Failed to create booking
2024-08-31T16:36:06.340Z [info]: Handling POST request to /payment
2024-08-31T16:36:06.340Z [info]: Decrypting data for validation
2024-08-31T16:36:06.348Z [info]: Validating payment data
2024-08-31T16:36:06.375Z [info]: Payment processed successfully
2024-08-31T16:36:06.377Z [info]: Handling POST request to /booking
2024-08-31T16:36:06.378Z [info]: Creating a new booking
2024-08-31T16:36:06.381Z [error]: Error occurred in createBooking Failed to create booking
2024-08-31T16:36:35.760Z [info]: Server is running on port 3001
2024-08-31T16:36:39.308Z [info]: Server is running on port 3001
2024-08-31T16:36:46.245Z [info]: Server is running on port 3001
2024-08-31T16:36:46.441Z [info]: Handling POST request to /payment
2024-08-31T16:36:46.441Z [info]: Decrypting data for validation
2024-08-31T16:36:46.452Z [info]: Validating payment data
2024-08-31T16:36:46.496Z [info]: Payment processed successfully
2024-08-31T16:36:46.502Z [info]: Handling POST request to /booking
2024-08-31T16:36:46.502Z [info]: Creating a new booking
2024-08-31T16:36:46.514Z [error]: Error occurred in createBooking Failed to create booking
2024-08-31T16:37:19.736Z [info]: Server is running on port 3001
2024-08-31T16:37:19.816Z [info]: Handling POST request to /payment
2024-08-31T16:37:19.816Z [info]: Decrypting data for validation
2024-08-31T16:37:19.824Z [info]: Validating payment data
2024-08-31T16:37:19.869Z [info]: Payment processed successfully
2024-08-31T16:37:19.873Z [info]: Handling POST request to /booking
2024-08-31T16:37:19.874Z [info]: Creating a new booking
2024-08-31T16:37:19.879Z [error]: Error occurred in createBooking Failed to create booking
2024-08-31T16:37:37.914Z [info]: Handling POST request to /payment
2024-08-31T16:37:37.914Z [info]: Decrypting data for validation
2024-08-31T16:37:37.922Z [info]: Validating payment data
2024-08-31T16:37:37.976Z [info]: Payment processed successfully
2024-08-31T16:37:37.996Z [info]: Handling POST request to /payment
2024-08-31T16:37:38.000Z [info]: Decrypting data for validation
2024-08-31T16:37:38.015Z [info]: Validating payment data
2024-08-31T16:37:38.018Z [info]: Payment processed successfully
2024-08-31T16:37:38.020Z [info]: Handling POST request to /booking
2024-08-31T16:37:38.020Z [info]: Creating a new booking
2024-08-31T16:37:38.027Z [info]: Handling POST request to /booking
2024-08-31T16:37:38.028Z [info]: Creating a new booking
2024-08-31T16:37:38.030Z [error]: Error occurred in createBooking Failed to create booking
2024-08-31T16:37:38.053Z [error]: Error occurred in createBooking Failed to create booking
2024-08-31T16:37:38.377Z [info]: Handling POST request to /payment
2024-08-31T16:37:38.377Z [info]: Decrypting data for validation
2024-08-31T16:37:38.392Z [info]: Validating payment data
2024-08-31T16:37:38.409Z [info]: Payment processed successfully
2024-08-31T16:37:38.411Z [info]: Handling POST request to /booking
2024-08-31T16:37:38.411Z [info]: Creating a new booking
2024-08-31T16:37:38.413Z [error]: Error occurred in createBooking Failed to create booking
2024-08-31T16:38:01.950Z [info]: Server is running on port 3001
2024-08-31T16:38:12.573Z [info]: Server is running on port 3001
2024-08-31T16:38:13.887Z [info]: Handling POST request to /payment
2024-08-31T16:38:13.888Z [info]: Decrypting data for validation
2024-08-31T16:38:13.897Z [info]: Validating payment data
2024-08-31T16:38:13.938Z [info]: Payment processed successfully
2024-08-31T16:38:13.945Z [info]: Handling POST request to /booking
2024-08-31T16:38:13.945Z [info]: Creating a new booking
2024-08-31T16:38:13.952Z [error]: Error occurred in createBooking Failed to create booking
2024-08-31T16:38:35.535Z [info]: Handling POST request to /payment
2024-08-31T16:38:35.536Z [info]: Decrypting data for validation
2024-08-31T16:38:35.548Z [info]: Validating payment data
2024-08-31T16:38:35.591Z [error]: Error processing payment
2024-08-31T16:39:15.249Z [info]: Handling POST request to /payment
2024-08-31T16:39:15.249Z [info]: Decrypting data for validation
2024-08-31T16:39:15.259Z [info]: Validating payment data
2024-08-31T16:39:15.294Z [info]: Payment processed successfully
2024-08-31T16:39:15.298Z [info]: Handling POST request to /booking
2024-08-31T16:39:15.299Z [info]: Creating a new booking
2024-08-31T16:39:15.301Z [error]: Error occurred in createBooking Failed to create booking
2024-08-31T16:40:46.866Z [info]: Handling POST request to /payment
2024-08-31T16:40:46.868Z [info]: Decrypting data for validation
2024-08-31T16:40:46.884Z [info]: Validating payment data
2024-08-31T16:40:46.937Z [info]: Payment processed successfully
2024-08-31T16:40:46.941Z [info]: Handling POST request to /booking
2024-08-31T16:40:46.941Z [info]: Creating a new booking
2024-08-31T16:42:00.046Z [info]: Server is running on port 3001
2024-08-31T16:42:21.713Z [info]: Server is running on port 3001
2024-08-31T17:13:35.722Z [info]: Server is running on port 3001
2024-08-31T17:13:59.062Z [info]: Server is running on port 3001
2024-08-31T17:14:23.854Z [info]: Server is running on port 3001
2024-08-31T17:15:23.244Z [info]: Server is running on port 3001
2024-08-31T17:16:43.404Z [info]: Server is running on port 3001
2024-08-31T17:16:46.526Z [info]: Server is running on port 3001
2024-08-31T17:16:50.336Z [info]: Handling POST request to /payment
2024-08-31T17:16:50.336Z [info]: Decrypting data for validation
2024-08-31T17:16:50.349Z [info]: Validating payment data
2024-08-31T17:16:50.466Z [info]: Payment processed successfully
2024-08-31T17:16:50.472Z [info]: Handling POST request to /booking
2024-08-31T17:16:50.473Z [info]: Creating a new booking
2024-08-31T17:16:50.484Z [error]: Error occurred in createBooking Failed to create booking
2024-08-31T17:17:13.121Z [info]: Server is running on port 3001
2024-08-31T17:17:25.653Z [info]: Server is running on port 3001
2024-08-31T17:19:27.848Z [info]: Server is running on port 3001
2024-08-31T17:22:56.548Z [info]: Server is running on port 3001
2024-08-31T17:37:47.906Z [info]: Server is running on port 3001
2024-08-31T17:37:51.573Z [info]: Server is running on port 3001
2024-08-31T17:37:56.682Z [info]: Handling POST request to /payment
2024-08-31T17:37:56.682Z [info]: Decrypting data for validation
2024-08-31T17:37:56.695Z [info]: Validating payment data
2024-08-31T17:37:56.728Z [error]: Error processing payment
2024-09-01T05:56:23.950Z [info]: Server is running on port 3001
2024-09-01T05:56:38.754Z [info]: Server is running on port 3001
2024-09-01T05:56:45.731Z [info]: Server is running on port 3001
2024-09-01T05:57:54.864Z [info]: Server is running on port 3001
2024-09-01T05:58:14.950Z [info]: Server is running on port 3001
2024-09-01T06:12:14.173Z [info]: Server is running on port 3001
2024-09-01T06:12:29.769Z [info]: Server is running on port 3001
2024-09-01T06:12:35.570Z [info]: Server is running on port 3001
2024-09-01T06:13:22.838Z [info]: Server is running on port 3001
2024-09-01T06:14:44.873Z [info]: Server is running on port 3001
2024-09-01T06:15:23.019Z [info]: Server is running on port 3001
2024-09-01T06:15:32.155Z [info]: Server is running on port 3001
2024-09-01T06:15:34.369Z [info]: Server is running on port 3001
2024-09-01T06:15:49.712Z [info]: Server is running on port 3001
2024-09-01T06:15:59.509Z [info]: Server is running on port 3001
2024-09-01T06:16:43.224Z [info]: Server is running on port 3001
2024-09-01T06:18:06.935Z [info]: Server is running on port 3001
2024-09-01T06:18:58.074Z [info]: Server is running on port 3001
2024-09-01T06:51:19.187Z [info]: Server is running on port 3001
2024-09-01T06:56:10.895Z [info]: Server is running on port 3001
2024-09-01T06:59:10.674Z [info]: Server is running on port 3001
2024-09-01T07:01:46.255Z [info]: Server is running on port 3001
2024-09-01T08:59:24.284Z [info]: Server is running on port 3001
2024-09-01T09:00:03.926Z [info]: Server is running on port 3001
2024-09-01T09:00:26.967Z [info]: Server is running on port 3001
2024-09-01T09:04:06.725Z [info]: Server is running on port 3001
2024-09-01T09:08:39.929Z [info]: Handling POST request to /payment
2024-09-01T09:08:39.930Z [info]: Decrypting data for validation
2024-09-01T09:08:39.944Z [info]: Validating payment data
2024-09-01T09:08:39.950Z [warn]: Validation failed
2024-09-01T09:08:54.918Z [info]: Handling POST request to /payment
2024-09-01T09:08:54.919Z [info]: Decrypting data for validation
2024-09-01T09:08:54.936Z [info]: Validating payment data
2024-09-01T09:08:54.936Z [warn]: Validation failed
2024-09-01T09:08:55.066Z [info]: Handling POST request to /payment
2024-09-01T09:08:55.066Z [info]: Decrypting data for validation
2024-09-01T09:08:55.083Z [info]: Validating payment data
2024-09-01T09:08:55.083Z [warn]: Validation failed
2024-09-01T09:08:56.391Z [info]: Handling POST request to /payment
2024-09-01T09:08:56.391Z [info]: Decrypting data for validation
2024-09-01T09:08:56.408Z [info]: Validating payment data
2024-09-01T09:08:56.408Z [warn]: Validation failed
2024-09-01T09:08:56.631Z [info]: Handling POST request to /payment
2024-09-01T09:08:56.632Z [info]: Decrypting data for validation
2024-09-01T09:08:56.665Z [info]: Validating payment data
2024-09-01T09:08:56.667Z [warn]: Validation failed
2024-09-01T09:09:03.425Z [info]: Handling POST request to /payment
2024-09-01T09:09:03.426Z [info]: Decrypting data for validation
2024-09-01T09:09:03.441Z [info]: Validating payment data
2024-09-01T09:09:03.441Z [warn]: Validation failed
2024-09-01T09:11:32.794Z [info]: Handling POST request to /payment
2024-09-01T09:11:32.794Z [info]: Decrypting data for validation
2024-09-01T09:11:32.808Z [info]: Validating payment data
2024-09-01T09:11:32.809Z [warn]: Validation failed
2024-09-01T09:11:35.102Z [info]: Handling POST request to /payment
2024-09-01T09:11:35.102Z [info]: Decrypting data for validation
2024-09-01T09:11:35.112Z [info]: Validating payment data
2024-09-01T09:11:35.113Z [warn]: Validation failed
2024-09-01T09:11:36.910Z [info]: Handling POST request to /payment
2024-09-01T09:11:36.911Z [info]: Decrypting data for validation
2024-09-01T09:11:36.930Z [info]: Validating payment data
2024-09-01T09:11:36.930Z [warn]: Validation failed
2024-09-01T09:11:40.524Z [info]: Handling POST request to /payment
2024-09-01T09:11:40.525Z [info]: Decrypting data for validation
2024-09-01T09:11:40.539Z [info]: Validating payment data
2024-09-01T09:11:40.539Z [warn]: Validation failed
2024-09-01T09:11:48.963Z [info]: Handling POST request to /payment
2024-09-01T09:11:48.963Z [info]: Decrypting data for validation
2024-09-01T09:11:48.989Z [info]: Validating payment data
2024-09-01T09:11:48.990Z [warn]: Validation failed
2024-09-01T09:12:17.199Z [info]: Server is running on port 3001
2024-09-01T09:12:45.852Z [info]: Server is running on port 3001
2024-09-01T09:12:47.080Z [info]: Handling POST request to /payment
2024-09-01T09:12:47.080Z [info]: Decrypting data for validation
2024-09-01T09:12:47.089Z [info]: Validating payment data
2024-09-01T09:12:47.090Z [warn]: Validation failed
2024-09-01T09:12:57.212Z [info]: Handling POST request to /payment
2024-09-01T09:12:57.212Z [info]: Decrypting data for validation
2024-09-01T09:12:57.221Z [info]: Validating payment data
2024-09-01T09:12:57.222Z [warn]: Validation failed
2024-09-01T09:13:22.232Z [info]: Server is running on port 3001
2024-09-01T09:13:22.816Z [info]: Handling POST request to /payment
2024-09-01T09:13:22.817Z [info]: Decrypting data for validation
2024-09-01T09:13:22.827Z [info]: Validating payment data
2024-09-01T09:13:22.829Z [warn]: Validation failed
2024-09-01T09:13:29.555Z [info]: Handling POST request to /payment
2024-09-01T09:13:29.557Z [info]: Decrypting data for validation
2024-09-01T09:13:29.571Z [info]: Validating payment data
2024-09-01T09:13:29.572Z [warn]: Validation failed
2024-09-01T09:13:48.808Z [info]: Server is running on port 3001
2024-09-01T09:14:07.804Z [info]: Server is running on port 3001
2024-09-01T09:14:09.081Z [info]: Handling POST request to /payment
2024-09-01T09:14:09.081Z [info]: Decrypting data for validation
2024-09-01T09:14:09.088Z [info]: Validating payment data
2024-09-01T09:14:09.171Z [error]: Error processing payment
2024-09-01T09:14:45.801Z [info]: Handling POST request to /payment
2024-09-01T09:14:45.802Z [info]: Decrypting data for validation
2024-09-01T09:14:45.814Z [info]: Validating payment data
2024-09-01T09:14:45.893Z [error]: Error processing payment
2024-09-01T09:15:23.309Z [info]: Server is running on port 3001
2024-09-01T09:15:24.211Z [info]: Handling POST request to /payment
2024-09-01T09:15:24.211Z [info]: Decrypting data for validation
2024-09-01T09:15:24.221Z [info]: Validating payment data
2024-09-01T09:15:24.293Z [error]: Error processing payment
2024-09-01T09:16:00.864Z [info]: Handling POST request to /payment
2024-09-01T09:16:00.866Z [info]: Decrypting data for validation
2024-09-01T09:16:00.888Z [info]: Validating payment data
2024-09-01T09:16:00.933Z [error]: Error processing payment
2024-09-01T09:16:08.012Z [info]: Server is running on port 3001
2024-09-01T09:16:08.767Z [info]: Handling POST request to /payment
2024-09-01T09:16:08.767Z [info]: Decrypting data for validation
2024-09-01T09:16:08.778Z [info]: Validating payment data
2024-09-01T09:16:08.818Z [error]: Error processing payment
2024-09-01T09:17:12.057Z [info]: Server is running on port 3001
2024-09-01T09:20:39.220Z [info]: Server is running on port 3001
2024-09-01T09:20:56.742Z [info]: Server is running on port 3001
2024-09-01T09:24:56.469Z [info]: Server is running on port 3001
2024-09-01T09:25:02.280Z [info]: Server is running on port 3001
2024-09-01T09:25:21.776Z [info]: Server is running on port 3001
2024-09-01T09:42:02.987Z [info]: Server is running on port 3001
2024-09-01T09:42:10.493Z [info]: Server is running on port 3001
2024-09-01T09:42:26.779Z [info]: Server is running on port 3001
2024-09-01T09:43:09.820Z [info]: Server is running on port 3001
2024-09-01T09:43:24.115Z [info]: Server is running on port 3001
2024-09-01T09:43:47.059Z [info]: Server is running on port 3001
2024-09-01T09:44:15.284Z [info]: Server is running on port 3001
2024-09-01T09:44:27.814Z [info]: Server is running on port 3001
2024-09-01T09:44:40.146Z [info]: Server is running on port 3001
2024-09-01T09:54:18.477Z [info]: Server is running on port 3001
2024-09-01T09:54:20.063Z [info]: Server is running on port 3001
2024-09-01T09:54:40.000Z [info]: Server is running on port 3001
2024-09-01T09:58:17.061Z [info]: Handling POST request to /payment
2024-09-01T09:58:17.062Z [info]: Decrypting data for validation
2024-09-01T09:58:17.080Z [info]: Validating payment data
2024-09-01T09:58:17.085Z [warn]: Validation failed
2024-09-01T09:58:24.179Z [info]: Handling POST request to /payment
2024-09-01T09:58:24.180Z [info]: Decrypting data for validation
2024-09-01T09:58:24.192Z [info]: Validating payment data
2024-09-01T09:58:24.193Z [warn]: Validation failed
2024-09-01T09:58:29.672Z [info]: Handling POST request to /payment
2024-09-01T09:58:29.672Z [info]: Decrypting data for validation
2024-09-01T09:58:29.688Z [info]: Validating payment data
2024-09-01T09:58:29.688Z [warn]: Validation failed
2024-09-01T09:58:35.584Z [info]: Handling POST request to /payment
2024-09-01T09:58:35.584Z [info]: Decrypting data for validation
2024-09-01T09:58:35.593Z [info]: Validating payment data
2024-09-01T09:58:35.593Z [warn]: Validation failed
2024-09-01T09:58:40.519Z [info]: Handling POST request to /payment
2024-09-01T09:58:40.519Z [info]: Decrypting data for validation
2024-09-01T09:58:40.538Z [info]: Validating payment data
2024-09-01T09:58:40.539Z [warn]: Validation failed
2024-09-01T09:58:51.751Z [info]: Handling POST request to /payment
2024-09-01T09:58:51.751Z [info]: Decrypting data for validation
2024-09-01T09:58:51.765Z [info]: Validating payment data
2024-09-01T09:58:51.812Z [info]: Payment processed successfully
2024-09-01T09:58:51.817Z [info]: Handling POST request to /booking
2024-09-01T09:58:51.818Z [info]: Creating a new booking
2024-09-01T09:58:51.830Z [error]: Error occurred in createBooking Failed to create booking
2024-09-01T10:02:31.004Z [info]: Handling POST request to /payment
2024-09-01T10:02:31.010Z [info]: Decrypting data for validation
2024-09-01T10:02:31.024Z [info]: Validating payment data
2024-09-01T10:02:31.026Z [warn]: Validation failed
2024-09-01T10:02:39.666Z [info]: Handling POST request to /payment
2024-09-01T10:02:39.666Z [info]: Decrypting data for validation
2024-09-01T10:02:39.681Z [info]: Validating payment data
2024-09-01T10:02:39.723Z [info]: Payment processed successfully
2024-09-01T10:02:39.727Z [info]: Handling POST request to /booking
2024-09-01T10:02:39.727Z [info]: Creating a new booking
2024-09-01T10:02:39.740Z [error]: Error occurred in createBooking Failed to create booking
2024-09-01T10:04:12.125Z [info]: Server is running on port 3001
2024-09-01T10:07:23.395Z [info]: Handling POST request to /payment
2024-09-01T10:07:23.396Z [info]: Decrypting data for validation
2024-09-01T10:07:23.407Z [info]: Validating payment data
2024-09-01T10:07:23.409Z [error]: Error processing payment
2024-09-01T10:07:31.228Z [info]: Handling POST request to /payment
2024-09-01T10:07:31.228Z [info]: Decrypting data for validation
2024-09-01T10:07:31.246Z [info]: Validating payment data
2024-09-01T10:07:31.277Z [info]: Payment processed successfully
2024-09-01T10:07:31.281Z [info]: Handling POST request to /booking
2024-09-01T10:07:31.281Z [info]: Creating a new booking
2024-09-01T10:07:31.290Z [error]: Error occurred in createBooking Failed to create booking
2024-09-01T10:07:36.446Z [info]: Handling POST request to /payment
2024-09-01T10:07:36.447Z [info]: Decrypting data for validation
2024-09-01T10:07:36.470Z [info]: Validating payment data
2024-09-01T10:07:36.492Z [info]: Payment processed successfully
2024-09-01T10:07:36.496Z [info]: Handling POST request to /booking
2024-09-01T10:07:36.496Z [info]: Creating a new booking
2024-09-01T10:07:36.501Z [error]: Error occurred in createBooking Failed to create booking
2024-09-01T10:08:11.902Z [info]: Server is running on port 3001
2024-09-01T11:07:07.278Z [info]: Handling POST request to /payment
2024-09-01T11:07:07.279Z [info]: Decrypting data for validation
2024-09-01T11:07:07.295Z [info]: Validating payment data
2024-09-01T11:07:07.351Z [info]: Payment processed successfully
2024-09-01T11:07:07.358Z [info]: Handling POST request to /booking
2024-09-01T11:07:07.358Z [info]: Creating a new booking
2024-09-01T11:07:07.371Z [error]: Error occurred in createBooking Failed to create booking
2024-09-01T11:07:44.994Z [info]: Server is running on port 3001
2024-09-01T11:07:45.267Z [info]: Handling POST request to /payment
2024-09-01T11:07:45.267Z [info]: Decrypting data for validation
2024-09-01T11:07:45.278Z [info]: Validating payment data
2024-09-01T11:07:45.328Z [info]: Payment processed successfully
2024-09-01T11:07:45.344Z [info]: Handling POST request to /booking
2024-09-01T11:07:45.345Z [info]: Creating a new booking
2024-09-01T11:07:45.356Z [error]: Error occurred in createBooking Failed to create booking
2024-09-01T11:09:11.868Z [info]: Handling POST request to /payment
2024-09-01T11:09:11.870Z [info]: Decrypting data for validation
2024-09-01T11:09:11.892Z [info]: Validating payment data
2024-09-01T11:09:11.937Z [info]: Payment processed successfully
2024-09-01T11:09:11.941Z [info]: Handling POST request to /booking
2024-09-01T11:09:11.942Z [info]: Creating a new booking
2024-09-01T11:16:55.801Z [info]: Server is running on port 3001
2024-09-01T11:17:19.502Z [info]: Server is running on port 3001
2024-09-01T11:21:40.002Z [info]: Handling POST request to /payment
2024-09-01T11:21:40.007Z [info]: Decrypting data for validation
2024-09-01T11:21:40.033Z [info]: Validating payment data
2024-09-01T11:21:40.067Z [info]: Payment processed successfully
2024-09-01T11:21:40.073Z [info]: Handling POST request to /booking
2024-09-01T11:21:40.074Z [info]: Creating a new booking
2024-09-01T11:22:01.059Z [info]: Handling POST request to /payment
2024-09-01T11:22:01.060Z [info]: Decrypting data for validation
2024-09-01T11:22:01.072Z [info]: Validating payment data
2024-09-01T11:22:01.122Z [info]: Payment processed successfully
2024-09-01T11:22:01.127Z [info]: Handling POST request to /booking
2024-09-01T11:22:01.128Z [info]: Creating a new booking
2024-09-01T11:22:01.136Z [info]: Handling Get request to /booking/:bookingId
2024-09-01T11:22:01.136Z [info]: Get booking by id
2024-09-01T11:23:03.191Z [info]: Handling POST request to /payment
2024-09-01T11:23:03.192Z [info]: Decrypting data for validation
2024-09-01T11:23:03.211Z [info]: Validating payment data
2024-09-01T11:23:03.214Z [warn]: Validation failed
2024-09-01T11:23:15.176Z [info]: Handling POST request to /payment
2024-09-01T11:23:15.176Z [info]: Decrypting data for validation
2024-09-01T11:23:15.190Z [info]: Validating payment data
2024-09-01T11:23:15.217Z [info]: Payment processed successfully
2024-09-01T11:23:15.221Z [info]: Handling POST request to /booking
2024-09-01T11:23:15.221Z [info]: Creating a new booking
2024-09-01T11:23:15.229Z [info]: Handling Get request to /booking/:bookingId
2024-09-01T11:23:15.229Z [info]: Get booking by id
2024-09-01T11:33:23.580Z [info]: Handling POST request to /payment
2024-09-01T11:33:23.582Z [info]: Decrypting data for validation
2024-09-01T11:33:23.597Z [info]: Validating payment data
2024-09-01T11:33:23.598Z [warn]: Validation failed
2024-09-01T11:33:33.705Z [info]: Handling POST request to /payment
2024-09-01T11:33:33.705Z [info]: Decrypting data for validation
2024-09-01T11:33:33.715Z [info]: Validating payment data
2024-09-01T11:33:33.739Z [info]: Payment processed successfully
2024-09-01T11:33:33.743Z [info]: Handling POST request to /booking
2024-09-01T11:33:33.743Z [info]: Creating a new booking
2024-09-01T11:33:33.756Z [info]: Handling Get request to /booking/:bookingId
2024-09-01T11:33:33.757Z [info]: Get booking by id
2024-09-01T11:55:28.153Z [info]: Handling Get request to /booking/:bookingId
2024-09-01T11:55:28.154Z [info]: Get booking by id
2024-09-01T11:58:11.163Z [info]: Handling Get request to /booking/:bookingId
2024-09-01T11:58:11.164Z [info]: Get booking by id
2024-09-01T12:03:51.308Z [info]: Handling POST request to /payment
2024-09-01T12:03:51.309Z [info]: Decrypting data for validation
2024-09-01T12:03:51.329Z [info]: Validating payment data
2024-09-01T12:03:51.376Z [info]: Payment processed successfully
2024-09-01T12:03:51.380Z [info]: Handling POST request to /booking
2024-09-01T12:03:51.380Z [info]: Creating a new booking
2024-09-01T12:03:51.398Z [info]: Handling Get request to /booking/:bookingId
2024-09-01T12:03:51.398Z [info]: Get booking by id
2024-09-01T12:05:19.934Z [info]: Handling POST request to /payment
2024-09-01T12:05:19.935Z [info]: Decrypting data for validation
2024-09-01T12:05:19.953Z [info]: Validating payment data
2024-09-01T12:05:19.995Z [info]: Payment processed successfully
2024-09-01T12:05:19.999Z [info]: Handling POST request to /booking
2024-09-01T12:05:19.999Z [info]: Creating a new booking
2024-09-01T12:05:20.013Z [info]: Handling Get request to /booking/:bookingId
2024-09-01T12:05:20.013Z [info]: Get booking by id
2024-09-01T12:05:46.145Z [info]: Handling Get request to /booking/:bookingId
2024-09-01T12:05:46.146Z [info]: Get booking by id
2024-09-01T12:20:39.748Z [info]: Handling POST request to /payment
2024-09-01T12:20:39.754Z [info]: Decrypting data for validation
2024-09-01T12:20:39.765Z [info]: Validating payment data
2024-09-01T12:20:39.815Z [info]: Payment processed successfully
2024-09-01T12:20:39.819Z [info]: Handling POST request to /booking
2024-09-01T12:20:39.820Z [info]: Creating a new booking
2024-09-01T12:20:39.841Z [info]: Handling Get request to /booking/:bookingId
2024-09-01T12:20:39.842Z [info]: Get booking by id
2024-09-01T12:21:40.832Z [info]: Handling POST request to /payment
2024-09-01T12:21:40.834Z [info]: Decrypting data for validation
2024-09-01T12:21:40.885Z [info]: Validating payment data
2024-09-01T12:21:41.000Z [info]: Payment processed successfully
2024-09-01T12:21:41.006Z [info]: Handling POST request to /booking
2024-09-01T12:21:41.006Z [info]: Creating a new booking
2024-09-01T12:21:41.024Z [info]: Handling Get request to /booking/:bookingId
2024-09-01T12:21:41.024Z [info]: Get booking by id
2024-09-01T12:25:06.404Z [info]: Handling POST request to /payment
2024-09-01T12:25:06.404Z [info]: Decrypting data for validation
2024-09-01T12:25:06.420Z [info]: Validating payment data
2024-09-01T12:25:06.455Z [info]: Payment processed successfully
2024-09-01T12:25:06.461Z [info]: Handling POST request to /booking
2024-09-01T12:25:06.461Z [info]: Creating a new booking
2024-09-01T12:25:06.480Z [info]: Handling Get request to /booking/:bookingId
2024-09-01T12:25:06.481Z [info]: Get booking by id
2024-09-01T12:48:20.892Z [info]: Server is running on port 3001
2024-09-01T15:41:47.114Z [info]: Handling POST request to /payment
2024-09-01T15:41:47.116Z [info]: Decrypting data for validation
2024-09-01T15:41:47.138Z [info]: Validating payment data
2024-09-01T15:41:47.180Z [info]: Payment processed successfully
2024-09-01T15:41:47.186Z [info]: Handling POST request to /booking
2024-09-01T15:41:47.187Z [info]: Creating a new booking
2024-09-01T15:41:47.206Z [info]: Handling Get request to /booking/:bookingId
2024-09-01T15:41:47.206Z [info]: Get booking by id
2024-09-01T15:46:43.542Z [info]: Server is running on port 3001
2024-09-01T15:47:47.410Z [info]: Handling POST request to /payment
2024-09-01T15:47:47.411Z [info]: Decrypting data for validation
2024-09-01T15:47:47.427Z [info]: Validating payment data
2024-09-01T15:47:47.450Z [info]: Payment processed successfully
2024-09-01T15:47:47.455Z [info]: Handling POST request to /booking
2024-09-01T15:47:47.455Z [info]: Creating a new booking
2024-09-01T15:47:47.473Z [info]: Handling Get request to /booking/:bookingId
2024-09-01T15:47:47.474Z [info]: Get booking by id
